{"C:\\Users\\CesarAlbeiroYateEstu\\Documents\\farmacia\\PruebaBan\\back\\src\\app.ts": {"path":"C:\\Users\\CesarAlbeiroYateEstu\\Documents\\farmacia\\PruebaBan\\back\\src\\app.ts","statementMap":{"0":{"start":{"line":5,"column":0},"end":{"line":5,"column":47}},"1":{"start":{"line":6,"column":0},"end":{"line":6,"column":41}},"2":{"start":{"line":7,"column":0},"end":{"line":7,"column":24}},"3":{"start":{"line":8,"column":0},"end":{"line":8,"column":42}},"4":{"start":{"line":12,"column":12},"end":{"line":12,"column":61}},"5":{"start":{"line":15,"column":8},"end":{"line":15,"column":29}},"6":{"start":{"line":16,"column":8},"end":{"line":16,"column":27}},"7":{"start":{"line":17,"column":8},"end":{"line":17,"column":26}},"8":{"start":{"line":21,"column":8},"end":{"line":21,"column":29}},"9":{"start":{"line":25,"column":8},"end":{"line":25,"column":40}},"10":{"start":{"line":26,"column":8},"end":{"line":26,"column":29}},"11":{"start":{"line":30,"column":8},"end":{"line":30,"column":null}},"12":{"start":{"line":30,"column":41},"end":{"line":30,"column":102}},"13":{"start":{"line":10,"column":0},"end":{"line":10,"column":13}}},"fnMap":{"0":{"name":"(anonymous_7)","decl":{"start":{"line":14,"column":4},"end":{"line":14,"column":null}},"loc":{"start":{"line":14,"column":4},"end":{"line":18,"column":5}}},"1":{"name":"(anonymous_8)","decl":{"start":{"line":20,"column":12},"end":{"line":20,"column":22}},"loc":{"start":{"line":20,"column":22},"end":{"line":22,"column":5}}},"2":{"name":"(anonymous_9)","decl":{"start":{"line":24,"column":12},"end":{"line":24,"column":23}},"loc":{"start":{"line":24,"column":23},"end":{"line":27,"column":5}}},"3":{"name":"(anonymous_10)","decl":{"start":{"line":29,"column":11},"end":{"line":29,"column":17}},"loc":{"start":{"line":29,"column":17},"end":{"line":31,"column":5}}},"4":{"name":"(anonymous_11)","decl":{"start":{"line":30,"column":35},"end":{"line":30,"column":38}},"loc":{"start":{"line":30,"column":41},"end":{"line":30,"column":102}}}},"branchMap":{"0":{"loc":{"start":{"line":12,"column":36},"end":{"line":12,"column":52}},"type":"binary-expr","locations":[{"start":{"line":12,"column":36},"end":{"line":12,"column":52}},{"start":{"line":12,"column":56},"end":{"line":12,"column":60}}]}},"s":{"0":1,"1":1,"2":1,"3":1,"4":1,"5":1,"6":1,"7":1,"8":1,"9":1,"10":1,"11":0,"12":0,"13":1},"f":{"0":1,"1":1,"2":1,"3":0,"4":0},"b":{"0":[1,1]}}
,"C:\\Users\\CesarAlbeiroYateEstu\\Documents\\farmacia\\PruebaBan\\back\\src\\env.ts": {"path":"C:\\Users\\CesarAlbeiroYateEstu\\Documents\\farmacia\\PruebaBan\\back\\src\\env.ts","statementMap":{"0":{"start":{"line":5,"column":13},"end":{"line":10,"column":null}}},"fnMap":{},"branchMap":{},"s":{"0":3},"f":{},"b":{}}
,"C:\\Users\\CesarAlbeiroYateEstu\\Documents\\farmacia\\PruebaBan\\back\\src\\main.ts": {"path":"C:\\Users\\CesarAlbeiroYateEstu\\Documents\\farmacia\\PruebaBan\\back\\src\\main.ts","statementMap":{"0":{"start":{"line":5,"column":0},"end":{"line":5,"column":28}},"1":{"start":{"line":8,"column":16},"end":{"line":8,"column":25}},"2":{"start":{"line":9,"column":4},"end":{"line":9,"column":17}},"3":{"start":{"line":12,"column":0},"end":{"line":12,"column":7}}},"fnMap":{"0":{"name":"init","decl":{"start":{"line":7,"column":9},"end":{"line":7,"column":13}},"loc":{"start":{"line":7,"column":13},"end":{"line":10,"column":1}}}},"branchMap":{},"s":{"0":0,"1":0,"2":0,"3":0},"f":{"0":0},"b":{}}
,"C:\\Users\\CesarAlbeiroYateEstu\\Documents\\farmacia\\PruebaBan\\back\\src\\controllers\\controller.ts": {"path":"C:\\Users\\CesarAlbeiroYateEstu\\Documents\\farmacia\\PruebaBan\\back\\src\\controllers\\controller.ts","statementMap":{"0":{"start":{"line":6,"column":0},"end":{"line":6,"column":37}},"1":{"start":{"line":7,"column":0},"end":{"line":7,"column":46}},"2":{"start":{"line":8,"column":0},"end":{"line":8,"column":46}},"3":{"start":{"line":9,"column":14},"end":{"line":9,"column":35}},"4":{"start":{"line":14,"column":8},"end":{"line":17,"column":null}},"5":{"start":{"line":15,"column":24},"end":{"line":15,"column":98}},"6":{"start":{"line":16,"column":12},"end":{"line":16,"column":42}},"7":{"start":{"line":21,"column":21},"end":{"line":21,"column":29}},"8":{"start":{"line":22,"column":8},"end":{"line":24,"column":null}},"9":{"start":{"line":23,"column":12},"end":{"line":23,"column":null}},"10":{"start":{"line":25,"column":21},"end":{"line":25,"column":96}},"11":{"start":{"line":26,"column":22},"end":{"line":26,"column":55}},"12":{"start":{"line":27,"column":23},"end":{"line":27,"column":59}},"13":{"start":{"line":28,"column":26},"end":{"line":33,"column":10}},"14":{"start":{"line":34,"column":8},"end":{"line":34,"column":83}},"15":{"start":{"line":11,"column":0},"end":{"line":11,"column":13}}},"fnMap":{"0":{"name":"(anonymous_0)","decl":{"start":{"line":13,"column":11},"end":{"line":13,"column":20}},"loc":{"start":{"line":13,"column":48},"end":{"line":18,"column":5}}},"1":{"name":"(anonymous_1)","decl":{"start":{"line":20,"column":11},"end":{"line":20,"column":26}},"loc":{"start":{"line":20,"column":54},"end":{"line":35,"column":5}}}},"branchMap":{"0":{"loc":{"start":{"line":14,"column":8},"end":{"line":17,"column":null}},"type":"if","locations":[{"start":{"line":14,"column":8},"end":{"line":17,"column":null}},{"start":{"line":14,"column":8},"end":{"line":17,"column":null}}]},"1":{"loc":{"start":{"line":22,"column":8},"end":{"line":24,"column":null}},"type":"if","locations":[{"start":{"line":22,"column":8},"end":{"line":24,"column":null}},{"start":{"line":22,"column":8},"end":{"line":24,"column":null}}]},"2":{"loc":{"start":{"line":22,"column":12},"end":{"line":22,"column":42}},"type":"binary-expr","locations":[{"start":{"line":22,"column":12},"end":{"line":22,"column":42}},{"start":{"line":22,"column":46},"end":{"line":22,"column":80}}]}},"s":{"0":3,"1":3,"2":3,"3":3,"4":0,"5":0,"6":0,"7":0,"8":0,"9":0,"10":0,"11":0,"12":0,"13":0,"14":0,"15":3},"f":{"0":0,"1":0},"b":{"0":[0,0],"1":[0,0],"2":[0,0]}}
,"C:\\Users\\CesarAlbeiroYateEstu\\Documents\\farmacia\\PruebaBan\\back\\src\\routes\\routes.ts": {"path":"C:\\Users\\CesarAlbeiroYateEstu\\Documents\\farmacia\\PruebaBan\\back\\src\\routes\\routes.ts","statementMap":{"0":{"start":{"line":6,"column":0},"end":{"line":6,"column":55}},"1":{"start":{"line":9,"column":24},"end":{"line":9,"column":40}},"2":{"start":{"line":10,"column":8},"end":{"line":10,"column":20}},"3":{"start":{"line":14,"column":27},"end":{"line":14,"column":43}},"4":{"start":{"line":15,"column":8},"end":{"line":15,"column":null}},"5":{"start":{"line":16,"column":8},"end":{"line":16,"column":null}},"6":{"start":{"line":8,"column":0},"end":{"line":8,"column":13}}},"fnMap":{"0":{"name":"(anonymous_0)","decl":{"start":{"line":9,"column":4},"end":{"line":9,"column":24}},"loc":{"start":{"line":9,"column":40},"end":{"line":11,"column":5}}},"1":{"name":"(anonymous_1)","decl":{"start":{"line":13,"column":12},"end":{"line":13,"column":16}},"loc":{"start":{"line":13,"column":16},"end":{"line":17,"column":5}}}},"branchMap":{},"s":{"0":2,"1":2,"2":2,"3":2,"4":2,"5":2,"6":2},"f":{"0":2,"1":2},"b":{}}
,"C:\\Users\\CesarAlbeiroYateEstu\\Documents\\farmacia\\PruebaBan\\back\\src\\util\\utilities.ts": {"path":"C:\\Users\\CesarAlbeiroYateEstu\\Documents\\farmacia\\PruebaBan\\back\\src\\util\\utilities.ts","statementMap":{"0":{"start":{"line":1,"column":17},"end":{"line":6,"column":1}},"1":{"start":{"line":2,"column":2},"end":{"line":4,"column":null}},"2":{"start":{"line":3,"column":4},"end":{"line":3,"column":null}},"3":{"start":{"line":5,"column":2},"end":{"line":5,"column":null}},"4":{"start":{"line":8,"column":21},"end":{"line":31,"column":1}},"5":{"start":{"line":9,"column":21},"end":{"line":9,"column":36}},"6":{"start":{"line":10,"column":14},"end":{"line":10,"column":19}},"7":{"start":{"line":13,"column":2},"end":{"line":26,"column":null}},"8":{"start":{"line":14,"column":4},"end":{"line":14,"column":null}},"9":{"start":{"line":15,"column":4},"end":{"line":25,"column":null}},"10":{"start":{"line":16,"column":6},"end":{"line":19,"column":null}},"11":{"start":{"line":17,"column":8},"end":{"line":17,"column":null}},"12":{"start":{"line":18,"column":8},"end":{"line":18,"column":null}},"13":{"start":{"line":21,"column":6},"end":{"line":24,"column":null}},"14":{"start":{"line":22,"column":8},"end":{"line":22,"column":null}},"15":{"start":{"line":23,"column":8},"end":{"line":23,"column":null}},"16":{"start":{"line":27,"column":2},"end":{"line":29,"column":null}},"17":{"start":{"line":28,"column":4},"end":{"line":28,"column":null}},"18":{"start":{"line":30,"column":2},"end":{"line":30,"column":15}},"19":{"start":{"line":33,"column":13},"end":{"line":36,"column":null}}},"fnMap":{"0":{"name":"(anonymous_0)","decl":{"start":{"line":1,"column":17},"end":{"line":1,"column":18}},"loc":{"start":{"line":1,"column":31},"end":{"line":6,"column":1}}},"1":{"name":"(anonymous_1)","decl":{"start":{"line":8,"column":21},"end":{"line":8,"column":22}},"loc":{"start":{"line":8,"column":50},"end":{"line":31,"column":1}}}},"branchMap":{"0":{"loc":{"start":{"line":2,"column":2},"end":{"line":4,"column":null}},"type":"if","locations":[{"start":{"line":2,"column":2},"end":{"line":4,"column":null}},{"start":{"line":2,"column":2},"end":{"line":4,"column":null}}]},"1":{"loc":{"start":{"line":2,"column":6},"end":{"line":2,"column":19}},"type":"binary-expr","locations":[{"start":{"line":2,"column":6},"end":{"line":2,"column":19}},{"start":{"line":2,"column":23},"end":{"line":2,"column":41}},{"start":{"line":2,"column":45},"end":{"line":2,"column":56}}]},"2":{"loc":{"start":{"line":15,"column":4},"end":{"line":25,"column":null}},"type":"if","locations":[{"start":{"line":15,"column":4},"end":{"line":25,"column":null}},{"start":{"line":15,"column":4},"end":{"line":25,"column":null}}]},"3":{"loc":{"start":{"line":16,"column":6},"end":{"line":19,"column":null}},"type":"if","locations":[{"start":{"line":16,"column":6},"end":{"line":19,"column":null}},{"start":{"line":16,"column":6},"end":{"line":19,"column":null}}]},"4":{"loc":{"start":{"line":21,"column":6},"end":{"line":24,"column":null}},"type":"if","locations":[{"start":{"line":21,"column":6},"end":{"line":24,"column":null}},{"start":{"line":21,"column":6},"end":{"line":24,"column":null}}]},"5":{"loc":{"start":{"line":27,"column":2},"end":{"line":29,"column":null}},"type":"if","locations":[{"start":{"line":27,"column":2},"end":{"line":29,"column":null}},{"start":{"line":27,"column":2},"end":{"line":29,"column":null}}]}},"s":{"0":4,"1":16,"2":6,"3":10,"4":4,"5":2,"6":2,"7":2,"8":6,"9":6,"10":2,"11":2,"12":2,"13":4,"14":2,"15":2,"16":2,"17":1,"18":2,"19":4},"f":{"0":16,"1":2},"b":{"0":[6,10],"1":[16,15,11],"2":[2,4],"3":[2,0],"4":[2,2],"5":[1,1]}}
}
