TN:
SF:src\app.ts
FN:14,(anonymous_7)
FN:20,(anonymous_8)
FN:24,(anonymous_9)
FN:29,(anonymous_10)
FN:30,(anonymous_11)
FNF:5
FNH:3
FNDA:1,(anonymous_7)
FNDA:1,(anonymous_8)
FNDA:1,(anonymous_9)
FNDA:0,(anonymous_10)
FNDA:0,(anonymous_11)
DA:5,1
DA:6,1
DA:7,1
DA:8,1
DA:10,1
DA:12,1
DA:15,1
DA:16,1
DA:17,1
DA:21,1
DA:25,1
DA:26,1
DA:30,0
LF:13
LH:12
BRDA:12,0,0,1
BRDA:12,0,1,1
BRF:2
BRH:2
end_of_record
TN:
SF:src\env.ts
FNF:0
FNH:0
DA:5,3
LF:1
LH:1
BRF:0
BRH:0
end_of_record
TN:
SF:src\main.ts
FN:7,init
FNF:1
FNH:0
FNDA:0,init
DA:5,0
DA:8,0
DA:9,0
DA:12,0
LF:4
LH:0
BRF:0
BRH:0
end_of_record
TN:
SF:src\controllers\controller.ts
FN:13,(anonymous_0)
FN:20,(anonymous_1)
FNF:2
FNH:0
FNDA:0,(anonymous_0)
FNDA:0,(anonymous_1)
DA:6,3
DA:7,3
DA:8,3
DA:9,3
DA:11,3
DA:14,0
DA:15,0
DA:16,0
DA:21,0
DA:22,0
DA:23,0
DA:25,0
DA:26,0
DA:27,0
DA:28,0
DA:34,0
LF:16
LH:5
BRDA:14,0,0,0
BRDA:14,0,1,0
BRDA:22,1,0,0
BRDA:22,1,1,0
BRDA:22,2,0,0
BRDA:22,2,1,0
BRF:6
BRH:0
end_of_record
TN:
SF:src\routes\routes.ts
FN:9,(anonymous_0)
FN:13,(anonymous_1)
FNF:2
FNH:2
FNDA:2,(anonymous_0)
FNDA:2,(anonymous_1)
DA:6,2
DA:8,2
DA:9,2
DA:10,2
DA:14,2
DA:15,2
DA:16,2
LF:7
LH:7
BRF:0
BRH:0
end_of_record
TN:
SF:src\util\utilities.ts
FN:1,(anonymous_0)
FN:8,(anonymous_1)
FNF:2
FNH:2
FNDA:16,(anonymous_0)
FNDA:2,(anonymous_1)
DA:1,4
DA:2,16
DA:3,6
DA:5,10
DA:8,4
DA:9,2
DA:10,2
DA:13,2
DA:14,6
DA:15,6
DA:16,2
DA:17,2
DA:18,2
DA:21,4
DA:22,2
DA:23,2
DA:27,2
DA:28,1
DA:30,2
DA:33,4
LF:20
LH:20
BRDA:2,0,0,6
BRDA:2,0,1,10
BRDA:2,1,0,16
BRDA:2,1,1,15
BRDA:2,1,2,11
BRDA:15,2,0,2
BRDA:15,2,1,4
BRDA:16,3,0,2
BRDA:16,3,1,0
BRDA:21,4,0,2
BRDA:21,4,1,2
BRDA:27,5,0,1
BRDA:27,5,1,1
BRF:13
BRH:12
end_of_record
